<?xml version="1.0" encoding="UTF-8"?>
<!-- Generated by org.testng.reporters.JUnitXMLReporter -->
<testsuite ignored="4" hostname="VAIO" failures="0" tests="1" name="Default test" time="8.581" errors="0" timestamp="2024-01-04T16:04:53 IST">
  <testcase classname="api.test.EmployeeTests" name="createEmp" time="8.166"/>
  <testcase classname="api.test.EmployeeTests" name="updateEmp" time="0.0">
    <ignored/>
  </testcase> <!-- updateEmp -->
  <testcase classname="api.test.EmployeeTests" name="deleteEmp" time="0.0">
    <ignored/>
  </testcase> <!-- deleteEmp -->
  <testcase classname="api.test.EmployeeTests" name="getAllEmp" time="0.0">
    <ignored/>
  </testcase> <!-- getAllEmp -->
  <testcase classname="api.test.EmployeeTests" name="getEmp" time="0.0">
    <ignored/>
  </testcase> <!-- getEmp -->
</testsuite> <!-- Default test -->
