<?xml version="1.0" encoding="UTF-8"?>
<!-- Generated by org.testng.reporters.JUnitXMLReporter -->
<testsuite ignored="4" hostname="VAIO" failures="0" tests="1" name="Default test" time="5.026" errors="0" timestamp="2023-12-21T19:53:13 IST">
  <testcase classname="api.test.EmployeeTests" name="getAllEmp" time="4.584"/>
  <testcase classname="api.test.EmployeeTests" name="deleteEmp" time="0.0">
    <ignored/>
  </testcase> <!-- deleteEmp -->
  <testcase classname="api.test.EmployeeTests" name="createEmp" time="0.0">
    <ignored/>
  </testcase> <!-- createEmp -->
  <testcase classname="api.test.EmployeeTests" name="updateEmp" time="0.0">
    <ignored/>
  </testcase> <!-- updateEmp -->
  <testcase classname="api.test.EmployeeTests" name="getEmp" time="0.0">
    <ignored/>
  </testcase> <!-- getEmp -->
</testsuite> <!-- Default test -->
