<?xml version="1.0" encoding="UTF-8"?>
<!-- Generated by org.testng.reporters.JUnitXMLReporter -->
<testsuite ignored="2" hostname="VAIO" failures="0" tests="3" name="Test" time="10.376" errors="0" timestamp="2023-12-21T15:29:29 IST">
  <testcase classname="api.test.EmployeeTests_DataProvider" name="getAllEmp" time="6.496"/>
  <testcase classname="api.test.EmployeeTests_DataProvider" name="getEmp" time="1.155"/>
  <testcase classname="api.test.EmployeeTests_DataProvider" name="updateEmp" time="2.367"/>
  <testcase classname="api.test.EmployeeTests_DataProvider" name="createEmp" time="0.0">
    <ignored/>
  </testcase> <!-- createEmp -->
  <testcase classname="api.test.EmployeeTests_DataProvider" name="deleteEmp" time="0.0">
    <ignored/>
  </testcase> <!-- deleteEmp -->
</testsuite> <!-- Test -->
