<?xml version="1.0" encoding="UTF-8"?>
<!-- Generated by org.testng.reporters.JUnitXMLReporter -->
<testsuite ignored="2" hostname="VAIO" failures="1" tests="3" name="Test" time="12.987" errors="0" timestamp="2024-01-05T12:53:49 IST">
  <testcase classname="api.test.EmployeeTests_DataProvider" name="getAllEmp" time="9.066"/>
  <testcase classname="api.test.EmployeeTests_DataProvider" name="getEmp" time="0.305"/>
  <testcase classname="api.test.EmployeeTests_DataProvider" name="updateEmp" time="3.358">
    <failure type="io.restassured.path.json.exception.JsonPathException" message="Failed to parse the JSON document">
      <![CDATA[io.restassured.path.json.exception.JsonPathException: Failed to parse the JSON document
at io.restassured.path.json.JsonPath$ExceptionCatcher.invoke(JsonPath.java:1002)
at io.restassured.path.json.JsonPath$4.doParseWith(JsonPath.java:967)
at io.restassured.path.json.JsonPath$JsonParser.parseWith(JsonPath.java:1047)
at io.restassured.path.json.JsonPath.get(JsonPath.java:202)
at api.test.EmployeeTests_DataProvider.updateEmp(EmployeeTests_DataProvider.java:77)
at java.base/java.util.ArrayList.forEach(ArrayList.java:1596)
Caused by: groovy.json.JsonException: Lexing failed on line: 1, column: 1, while reading '<', no possible valid JSON value or punctuation could be recognized.
at groovy.json.JsonLexer.nextToken(JsonLexer.java:86)
at groovy.json.JsonLexer$nextToken.call(Unknown Source)
at io.restassured.internal.path.json.ConfigurableJsonSlurper.parse(ConfigurableJsonSlurper.groovy:97)
at io.restassured.internal.path.json.ConfigurableJsonSlurper$parse.callCurrent(Unknown Source)
at io.restassured.internal.path.json.ConfigurableJsonSlurper.parseText(ConfigurableJsonSlurper.groovy:83)
at io.restassured.path.json.JsonPath$4$1.method(JsonPath.java:965)
at io.restassured.path.json.JsonPath$ExceptionCatcher.invoke(JsonPath.java:1000)
... 34 more
... Removed 29 stack frames]]>
    </failure>
  </testcase> <!-- updateEmp -->
  <testcase classname="api.test.EmployeeTests_DataProvider" name="createEmp" time="0.0">
    <ignored/>
  </testcase> <!-- createEmp -->
  <testcase classname="api.test.EmployeeTests_DataProvider" name="deleteEmp" time="0.0">
    <ignored/>
  </testcase> <!-- deleteEmp -->
</testsuite> <!-- Test -->
