<?xml version="1.0" encoding="UTF-8"?>
<testng-results ignored="0" total="3" passed="3" failed="0" skipped="0">
  <reporter-output>
  </reporter-output>
  <suite started-at="2023-12-21T15:29:18 IST" name="Suite" finished-at="2023-12-21T15:29:28 IST" duration-ms="10376">
    <groups>
    </groups>
    <test started-at="2023-12-21T15:29:18 IST" name="Test" finished-at="2023-12-21T15:29:28 IST" duration-ms="10376">
      <class name="api.test.EmployeeTests_DataProvider">
        <test-method is-config="true" signature="setupData()[pri:0, instance:api.test.EmployeeTests_DataProvider@f78a47e]" started-at="2023-12-21T15:29:18 IST" name="setupData" finished-at="2023-12-21T15:29:18 IST" duration-ms="209" status="PASS">
          <reporter-output>
          </reporter-output>
        </test-method> <!-- setupData -->
        <test-method signature="getAllEmp()[pri:1, instance:api.test.EmployeeTests_DataProvider@f78a47e]" started-at="2023-12-21T15:29:18 IST" name="getAllEmp" finished-at="2023-12-21T15:29:25 IST" duration-ms="6496" status="PASS">
          <reporter-output>
          </reporter-output>
        </test-method> <!-- getAllEmp -->
        <test-method signature="getEmp()[pri:3, instance:api.test.EmployeeTests_DataProvider@f78a47e]" started-at="2023-12-21T15:29:25 IST" name="getEmp" finished-at="2023-12-21T15:29:26 IST" duration-ms="1155" status="PASS">
          <reporter-output>
          </reporter-output>
        </test-method> <!-- getEmp -->
        <test-method signature="updateEmp(java.lang.String,java.lang.String,java.lang.String)[pri:4, instance:api.test.EmployeeTests_DataProvider@f78a47e]" started-at="2023-12-21T15:29:26 IST" name="updateEmp" data-provider="data" finished-at="2023-12-21T15:29:28 IST" duration-ms="2367" status="PASS">
          <params>
            <param index="0">
              <value>
                <![CDATA[Navee]]>
              </value>
            </param>
            <param index="1">
              <value>
                <![CDATA[90000]]>
              </value>
            </param>
            <param index="2">
              <value>
                <![CDATA[28]]>
              </value>
            </param>
          </params>
          <reporter-output>
          </reporter-output>
        </test-method> <!-- updateEmp -->
      </class> <!-- api.test.EmployeeTests_DataProvider -->
    </test> <!-- Test -->
  </suite> <!-- Suite -->
</testng-results>
