<?xml version="1.0" encoding="UTF-8"?>
<testsuite xmlns:xsi="http://www.w3.org/2001/XMLSchema-instance" xsi:noNamespaceSchemaLocation="https://maven.apache.org/surefire/maven-surefire-plugin/xsd/surefire-test-report-3.0.xsd" version="3.0" name="TestSuite" time="14.728" tests="3" errors="0" skipped="0" failures="1">
  <properties>
[...]
</properties>
  <testcase name="getAllEmp" classname="api.test.EmployeeTests_DataProvider" time="9.072">
    <system-out><![CDATA[************************* TEST STARTED *************************
HTTP/1.1 200 OK
Cache-Control: public, max-age=2592000
Content-Encoding: gzip
Content-Type: application/json
Date: Fri, 05 Jan 2024 07:23:43 UTC
Display: staticcontent_sol, orig_site_sol
Response: 200
Server: nginx/1.21.6
Vary: Accept-Encoding,User-Agent,Origin
X-Endurance-Cache-Level: 2
X-Ezoic-Cdn: Hit ds;mm;50851011b4bdbba5d4a9e6d8cab4c54f;2-133674-15;b1402895-60a9-43a7-77c2-829f1bc2194d
X-Middleton-Display: staticcontent_sol, orig_site_sol
X-Middleton-Response: 200
X-Nginx-Cache: WordPress
X-Origin-Cache-Control: no-cache, private
X-Ratelimit-Limit: 60
X-Ratelimit-Remaining: 58
X-Server-Cache: false
X-Sol: orig
Transfer-Encoding: chunked

{
    "status": "success",
    "data": [
        {
            "id": 1,
            "employee_name": "Tiger Nixon",
            "employee_salary": 320800,
            "employee_age": 61,
            "profile_image": ""
        },
        {
            "id": 2,
            "employee_name": "Garrett Winters",
            "employee_salary": 170750,
            "employee_age": 63,
            "profile_image": ""
        },
        {
            "id": 3,
            "employee_name": "Ashton Cox",
            "employee_salary": 86000,
            "employee_age": 66,
            "profile_image": ""
        },
        {
            "id": 4,
            "employee_name": "Cedric Kelly",
            "employee_salary": 433060,
            "employee_age": 22,
            "profile_image": ""
        },
        {
            "id": 5,
            "employee_name": "Airi Satou",
            "employee_salary": 162700,
            "employee_age": 33,
            "profile_image": ""
        },
        {
            "id": 6,
            "employee_name": "Brielle Williamson",
            "employee_salary": 372000,
            "employee_age": 61,
            "profile_image": ""
        },
        {
            "id": 7,
            "employee_name": "Herrod Chandler",
            "employee_salary": 137500,
            "employee_age": 59,
            "profile_image": ""
        },
        {
            "id": 8,
            "employee_name": "Rhona Davidson",
            "employee_salary": 327900,
            "employee_age": 55,
            "profile_image": ""
        },
        {
            "id": 9,
            "employee_name": "Colleen Hurst",
            "employee_salary": 205500,
            "employee_age": 39,
            "profile_image": ""
        },
        {
            "id": 10,
            "employee_name": "Sonya Frost",
            "employee_salary": 103600,
            "employee_age": 23,
            "profile_image": ""
        },
        {
            "id": 11,
            "employee_name": "Jena Gaines",
            "employee_salary": 90560,
            "employee_age": 30,
            "profile_image": ""
        },
        {
            "id": 12,
            "employee_name": "Quinn Flynn",
            "employee_salary": 342000,
            "employee_age": 22,
            "profile_image": ""
        },
        {
            "id": 13,
            "employee_name": "Charde Marshall",
            "employee_salary": 470600,
            "employee_age": 36,
            "profile_image": ""
        },
        {
            "id": 14,
            "employee_name": "Haley Kennedy",
            "employee_salary": 313500,
            "employee_age": 43,
            "profile_image": ""
        },
        {
            "id": 15,
            "employee_name": "Tatyana Fitzpatrick",
            "employee_salary": 385750,
            "employee_age": 19,
            "profile_image": ""
        },
        {
            "id": 16,
            "employee_name": "Michael Silva",
            "employee_salary": 198500,
            "employee_age": 66,
            "profile_image": ""
        },
        {
            "id": 17,
            "employee_name": "Paul Byrd",
            "employee_salary": 725000,
            "employee_age": 64,
            "profile_image": ""
        },
        {
            "id": 18,
            "employee_name": "Gloria Little",
            "employee_salary": 237500,
            "employee_age": 59,
            "profile_image": ""
        },
        {
            "id": 19,
            "employee_name": "Bradley Greer",
            "employee_salary": 132000,
            "employee_age": 41,
            "profile_image": ""
        },
        {
            "id": 20,
            "employee_name": "Dai Rios",
            "employee_salary": 217500,
            "employee_age": 35,
            "profile_image": ""
        },
        {
            "id": 21,
            "employee_name": "Jenette Caldwell",
            "employee_salary": 345000,
            "employee_age": 30,
            "profile_image": ""
        },
        {
            "id": 22,
            "employee_name": "Yuri Berry",
            "employee_salary": 675000,
            "employee_age": 40,
            "profile_image": ""
        },
        {
            "id": 23,
            "employee_name": "Caesar Vance",
            "employee_salary": 106450,
            "employee_age": 21,
            "profile_image": ""
        },
        {
            "id": 24,
            "employee_name": "Doris Wilder",
            "employee_salary": 85600,
            "employee_age": 23,
            "profile_image": ""
        }
    ],
    "message": "Successfully! All records has been fetched."
}
Message is : Successfully! All records has been fetched.
Status code : 200
]]></system-out>
    <system-err><![CDATA[SLF4J: Failed to load class "org.slf4j.impl.StaticLoggerBinder".
SLF4J: Defaulting to no-operation (NOP) logger implementation
SLF4J: See http://www.slf4j.org/codes.html#StaticLoggerBinder for further details.
]]></system-err>
  </testcase>
  <testcase name="getEmp" classname="api.test.EmployeeTests_DataProvider" time="0.396">
    <system-out><![CDATA[Employee ID is (getEmp): 173
HTTP/1.1 200 OK
Cache-Control: public, max-age=2592000
Content-Type: application/json
Date: Fri, 05 Jan 2024 07:23:46 UTC
Display: staticcontent_sol, orig_site_sol
Response: 200
Server: nginx/1.21.6
Vary: Accept-Encoding,User-Agent,Origin
X-Endurance-Cache-Level: 2
X-Ezoic-Cdn: Hit ds;mm;1318dfa895ac15be4332a903589f3fad;2-133674-15;8e8c5e36-8618-4b65-7d7a-953435dfe52a
X-Middleton-Display: staticcontent_sol, orig_site_sol
X-Middleton-Response: 200
X-Nginx-Cache: WordPress
X-Origin-Cache-Control: no-cache, private
X-Ratelimit-Limit: 60
X-Ratelimit-Remaining: 58
X-Server-Cache: false
X-Sol: orig
Content-Length: 83

{
    "status": "success",
    "data": null,
    "message": "Successfully! Record has been fetched."
}
Message is : Successfully! Record has been fetched.
Status code : 200
]]></system-out>
  </testcase>
  <testcase name="updateEmp[Navee, 90000, 28](1)" classname="api.test.EmployeeTests_DataProvider" time="3.93">
    <failure message="Failed to parse the JSON document" type="io.restassured.path.json.exception.JsonPathException"><![CDATA[io.restassured.path.json.exception.JsonPathException: Failed to parse the JSON document
	at io.restassured.path.json.JsonPath$ExceptionCatcher.invoke(JsonPath.java:1002)
	at io.restassured.path.json.JsonPath$4.doParseWith(JsonPath.java:967)
	at io.restassured.path.json.JsonPath$JsonParser.parseWith(JsonPath.java:1047)
	at io.restassured.path.json.JsonPath.get(JsonPath.java:202)
	at api.test.EmployeeTests_DataProvider.updateEmp(EmployeeTests_DataProvider.java:77)
	at java.base/jdk.internal.reflect.DirectMethodHandleAccessor.invoke(DirectMethodHandleAccessor.java:103)
	at java.base/java.lang.reflect.Method.invoke(Method.java:580)
	at org.testng.internal.invokers.MethodInvocationHelper.invokeMethod(MethodInvocationHelper.java:139)
	at org.testng.internal.invokers.TestInvoker.invokeMethod(TestInvoker.java:664)
	at org.testng.internal.invokers.TestInvoker.invokeTestMethod(TestInvoker.java:227)
	at org.testng.internal.invokers.MethodRunner.runInSequence(MethodRunner.java:50)
	at org.testng.internal.invokers.TestInvoker$MethodInvocationAgent.invoke(TestInvoker.java:957)
	at org.testng.internal.invokers.TestInvoker.invokeTestMethods(TestInvoker.java:200)
	at org.testng.internal.invokers.TestMethodWorker.invokeTestMethods(TestMethodWorker.java:148)
	at org.testng.internal.invokers.TestMethodWorker.run(TestMethodWorker.java:128)
	at java.base/java.util.ArrayList.forEach(ArrayList.java:1596)
	at org.testng.TestRunner.privateRun(TestRunner.java:848)
	at org.testng.TestRunner.run(TestRunner.java:621)
	at org.testng.SuiteRunner.runTest(SuiteRunner.java:443)
	at org.testng.SuiteRunner.runSequentially(SuiteRunner.java:437)
	at org.testng.SuiteRunner.privateRun(SuiteRunner.java:397)
	at org.testng.SuiteRunner.run(SuiteRunner.java:336)
	at org.testng.SuiteRunnerWorker.runSuite(SuiteRunnerWorker.java:52)
	at org.testng.SuiteRunnerWorker.run(SuiteRunnerWorker.java:95)
	at org.testng.TestNG.runSuitesSequentially(TestNG.java:1280)
	at org.testng.TestNG.runSuitesLocally(TestNG.java:1200)
	at org.testng.TestNG.runSuites(TestNG.java:1114)
	at org.testng.TestNG.run(TestNG.java:1082)
	at org.apache.maven.surefire.testng.TestNGExecutor.run(TestNGExecutor.java:308)
	at org.apache.maven.surefire.testng.TestNGXmlTestSuite.execute(TestNGXmlTestSuite.java:71)
	at org.apache.maven.surefire.testng.TestNGProvider.invoke(TestNGProvider.java:113)
	at org.apache.maven.surefire.booter.ForkedBooter.runSuitesInProcess(ForkedBooter.java:385)
	at org.apache.maven.surefire.booter.ForkedBooter.execute(ForkedBooter.java:162)
	at org.apache.maven.surefire.booter.ForkedBooter.run(ForkedBooter.java:507)
	at org.apache.maven.surefire.booter.ForkedBooter.main(ForkedBooter.java:495)
Caused by: groovy.json.JsonException: Lexing failed on line: 1, column: 1, while reading '<', no possible valid JSON value or punctuation could be recognized.
	at groovy.json.JsonLexer.nextToken(JsonLexer.java:86)
	at groovy.json.JsonLexer$nextToken.call(Unknown Source)
	at io.restassured.internal.path.json.ConfigurableJsonSlurper.parse(ConfigurableJsonSlurper.groovy:97)
	at io.restassured.internal.path.json.ConfigurableJsonSlurper$parse.callCurrent(Unknown Source)
	at io.restassured.internal.path.json.ConfigurableJsonSlurper.parseText(ConfigurableJsonSlurper.groovy:83)
	at io.restassured.path.json.JsonPath$4$1.method(JsonPath.java:965)
	at io.restassured.path.json.JsonPath$ExceptionCatcher.invoke(JsonPath.java:1000)
	... 34 more
]]></failure>
    <system-out><![CDATA[Employee ID is: 127
HTTP/1.1 429 Too Many Requests
Cache-Control: private, max-age=0, must-revalidate, no-cache, no-store
Content-Encoding: gzip
Content-Type: text/html; charset=UTF-8
Date: Fri, 05 Jan 2024 07:23:48 GMT
Display: staticcontent_sol, orig_site_sol
Expires: Thu, 04 Jan 2024 07:23:48 GMT
Pagespeed: off
Response: 429
Retry-After: 54
Server: Apache
Vary: Accept-Encoding,Origin
X-Endurance-Cache-Level: 2
X-Ezoic-Cdn: Miss
X-Middleton-Display: staticcontent_sol, orig_site_sol
X-Middleton-Response: 429
X-Nginx-Cache: WordPress
X-Origin-Cache-Control: no-cache, private
X-Ratelimit-Limit: 60
X-Ratelimit-Remaining: 57
X-Ratelimit-Reset: 1704439482
X-Sol: orig
Transfer-Encoding: chunked

<html lang="en">
  <head>
    <meta charset="utf-8"/>
    <script>var _ez_ab_test = 'mod51'</script>
    <script>var __ezHttpConsent={setByCat:function(src,tagType,attributes,category,force){var setScript=function(){if(force||window.ezTcfConsent[category]){var scriptElement=document.createElement(tagType);scriptElement.src=src;attributes.forEach(function(attr){for(var key in attr){if(attr.hasOwnProperty(key)){scriptElement.setAttribute(key,attr[key]);}}});var firstScript=document.getElementsByTagName(tagType)[0];firstScript.parentNode.insertBefore(scriptElement,firstScript);}};if(force||(window.ezTcfConsent&amp;&amp;window.ezTcfConsent.loaded)){setScript();}else if(typeof getEzConsentData==="function"){getEzConsentData().then(function(ezTcfConsent){if(ezTcfConsent&amp;&amp;ezTcfConsent.loaded){setScript();}else{console.error("cannot get ez consent data");force=true;setScript();}});}else{force=true;setScript();console.error("getEzConsentData is not a function");}},};</script>
    <script>var ezTcfConsent=window.ezTcfConsent?window.ezTcfConsent:{loaded:false,store_info:false,develop_and_improve_services:false,measure_ad_performance:false,measure_content_performance:false,select_basic_ads:false,create_ad_profile:false,select_personalized_ads:false,create_content_profile:false,select_personalized_content:false,understand_audiences:false,use_limited_data_to_select_content:false,};function getEzConsentData(){return new Promise(function(resolve){document.addEventListener("ezConsentEvent",function(event){var ezTcfConsent=event.detail.ezTcfConsent;resolve(ezTcfConsent);});});}</script>
    <script>function _setEzCookies(ezConsentData){var cookies=[];for(var i=0;i&lt;cookies.length;i++){var cookie=cookies[i];if(ezConsentData&amp;&amp;ezConsentData.loaded&amp;&amp;ezConsentData[cookie.tcfCategory]){document.cookie=cookie.name+"="+cookie.value;}}}
if(window.ezTcfConsent&amp;&amp;window.ezTcfConsent.loaded){_setEzCookies(window.ezTcfConsent);}else if(typeof getEzConsentData==="function"){getEzConsentData().then(function(ezTcfConsent){if(ezTcfConsent&amp;&amp;ezTcfConsent.loaded){_setEzCookies(window.ezTcfConsent);}else{console.error("cannot get ez consent data");_setEzCookies(window.ezTcfConsent);}});}else{console.error("getEzConsentData is not a function");_setEzCookies(window.ezTcfConsent);}</script>
    <meta name="viewport" content="width=device-width, initial-scale=1"/>
    <title>Too Many Requests</title>
    <link rel="dns-prefetch" href="//fonts.gstatic.com"/>
    <link href="https://fonts.googleapis.com/css?family=Nunito" rel="stylesheet"/>
    <style>
            html, body {
                background-color: #fff;
                color: #636b6f;
                font-family: 'Nunito', sans-serif;
                font-weight: 100;
                height: 100vh;
                margin: 0;
            }

            .full-height {
                height: 100vh;
            }

            .flex-center {
                align-items: center;
                display: flex;
                justify-content: center;
            }

            .position-ref {
                position: relative;
            }

            .code {
                border-right: 2px solid;
                font-size: 26px;
                padding: 0 15px 0 15px;
                text-align: center;
            }

            .message {
                font-size: 18px;
                text-align: center;
            }
        </style>
  </head>
  <body>
    <div class="flex-center position-ref full-height">
      <div class="code">
                429            </div>
      <div class="message" style="padding: 10px;">
                Too Many Requests            </div>
    </div>
    <script data-cfasync="false">function _emitEzConsentEvent(){var customEvent=new CustomEvent("ezConsentEvent",{detail:{ezTcfConsent:window.ezTcfConsent},bubbles:true,cancelable:true,});document.dispatchEvent(customEvent);}
(function(window,document){function _setAllEzConsentTrue(){window.ezTcfConsent.loaded=true;window.ezTcfConsent.store_info=true;window.ezTcfConsent.develop_and_improve_services=true;window.ezTcfConsent.measure_ad_performance=true;window.ezTcfConsent.measure_content_performance=true;window.ezTcfConsent.select_basic_ads=true;window.ezTcfConsent.create_ad_profile=true;window.ezTcfConsent.select_personalized_ads=true;window.ezTcfConsent.create_content_profile=true;window.ezTcfConsent.select_personalized_content=true;window.ezTcfConsent.understand_audiences=true;window.ezTcfConsent.use_limited_data_to_select_content=true;window.ezTcfConsent.select_personalized_content=true;}
function _clearEzConsentCookie(){document.cookie="ezCMPCookieConsent=tcf2;Domain=.restapiexample.com;Path=/;expires=Thu, 01 Jan 1970 00:00:00 GMT";}
_clearEzConsentCookie();if(typeof window.__tcfapi!=="undefined"){window.ezgconsent=false;var amazonHasRun=false;function _ezAllowed(tcdata,purpose){return(tcdata.purpose.consents[purpose]||tcdata.purpose.legitimateInterests[purpose]);}
function _reloadAds(){if(typeof window.ezorefgsl==="function"&amp;&amp;typeof window.ezslots==="object"){if(typeof __ezapsFetchBids=="function"&amp;&amp;amazonHasRun===false){ezapsFetchBids(__ezaps);if(typeof __ezapsVideo!="undefined"){ezapsFetchBids(__ezapsVideo,"video");}
amazonHasRun=true;}
var slots=[];for(var i=0;i&lt;window.ezslots.length;i++){if(window[window.ezslots[i]]&amp;&amp;typeof window[window.ezslots[i]]==="object"){slots.push(window[window.ezslots[i]]);}else{setTimeout(_reloadAds,100);return false;}}
for(var i=0;i&lt;slots.length;i++){window.ezorefgsl(slots[i]);}}else if(!window.ezadtimeoutset){window.ezadtimeoutset=true;setTimeout(_reloadAds,100);}}
function _handleConsentDecision(tcdata){window.ezTcfConsent.loaded=true;if(!tcdata.vendor.consents["347"]&amp;&amp;!tcdata.vendor.legitimateInterests["347"]){window._emitEzConsentEvent();return;}
window.ezTcfConsent.store_info=_ezAllowed(tcdata,"1");window.ezTcfConsent.develop_and_improve_services=_ezAllowed(tcdata,"10");window.ezTcfConsent.measure_content_performance=_ezAllowed(tcdata,"8");window.ezTcfConsent.select_basic_ads=_ezAllowed(tcdata,"2");window.ezTcfConsent.create_ad_profile=_ezAllowed(tcdata,"3");window.ezTcfConsent.select_personalized_ads=_ezAllowed(tcdata,"4");window.ezTcfConsent.create_content_profile=_ezAllowed(tcdata,"5");window.ezTcfConsent.measure_ad_performance=_ezAllowed(tcdata,"7");window.ezTcfConsent.use_limited_data_to_select_content=_ezAllowed(tcdata,"11");window.ezTcfConsent.select_personalized_content=_ezAllowed(tcdata,"6");window.ezTcfConsent.understand_audiences=_ezAllowed(tcdata,"9");window._emitEzConsentEvent();}
__tcfapi("addEventListener",2,function(tcdata,success){if(!success||!tcdata){window._emitEzConsentEvent();return;}
if(!tcdata.gdprApplies){_setAllEzConsentTrue();window._emitEzConsentEvent();return;}
if(tcdata.eventStatus==="useractioncomplete"||tcdata.eventStatus==="tcloaded"){_handleConsentDecision(tcdata);if(tcdata.purpose.consents["1"]===true&amp;&amp;tcdata.vendor.consents["755"]!==false){window.ezgconsent=true;(adsbygoogle=window.adsbygoogle||[]).pauseAdRequests=0;_reloadAds();}else{_reloadAds();}
if(window.__ezconsent){__ezconsent.setEzoicConsentSettings(ezConsentCategories);}
__tcfapi("removeEventListener",2,function(success){return null;},tcdata.listenerId);if(!(tcdata.purpose.consents["1"]===true&amp;&amp;_ezAllowed(tcdata,"2")&amp;&amp;_ezAllowed(tcdata,"3")&amp;&amp;_ezAllowed(tcdata,"4"))){if(typeof __ez=="object"&amp;&amp;typeof __ez.bit=="object"&amp;&amp;typeof window["_ezaq"]=="object"&amp;&amp;typeof window["_ezaq"]["page_view_id"]=="string"){__ez.bit.AddAndFire(window["_ezaq"]["page_view_id"],[new __ezDotData("non_personalized_ads",true),]);}}}});}else{_setAllEzConsentTrue();window._emitEzConsentEvent();}})(window,document);</script>
  </body>
</html>
]]></system-out>
  </testcase>
</testsuite>