<?xml version="1.0" encoding="UTF-8"?>
<testng-results ignored="0" total="1" passed="1" failed="0" skipped="0">
  <reporter-output>
  </reporter-output>
  <suite started-at="2024-01-04T16:04:45 IST" name="Default suite" finished-at="2024-01-04T16:04:53 IST" duration-ms="8581">
    <groups>
    </groups>
    <test started-at="2024-01-04T16:04:45 IST" name="Default test" finished-at="2024-01-04T16:04:53 IST" duration-ms="8581">
      <class name="api.test.EmployeeTests">
        <test-method is-config="true" signature="setupData()[pri:0, instance:api.test.EmployeeTests@7c7b252e]" started-at="2024-01-04T16:04:45 IST" name="setupData" finished-at="2024-01-04T16:04:45 IST" duration-ms="339" status="PASS">
          <reporter-output>
          </reporter-output>
        </test-method> <!-- setupData -->
        <test-method signature="createEmp()[pri:2, instance:api.test.EmployeeTests@7c7b252e]" started-at="2024-01-04T16:04:45 IST" name="createEmp" finished-at="2024-01-04T16:04:53 IST" duration-ms="8166" status="PASS">
          <reporter-output>
          </reporter-output>
        </test-method> <!-- createEmp -->
      </class> <!-- api.test.EmployeeTests -->
    </test> <!-- Default test -->
  </suite> <!-- Default suite -->
</testng-results>
